<?xml version="1.0" encoding="UTF-8"?>
<!-- Generated by org.testng.reporters.JUnitXMLReporter -->
<testsuite ignored="0" hostname="MohdSalmanQA" failures="0" tests="3" name="LoginTest" time="22.152" errors="0" timestamp="2020-01-16T02:58:21 GMT-08:00">
  <testcase classname="tests.ReactSetPreferencesTest" name="TC1_Positive_SP_Verify_PageOpen_IsSetPerefences_Page" time="4.933"/>
  <testcase classname="tests.ReactSetPreferencesTest" name="TC2_Positive_SP_Verify_LoginPage_ShouldbeDisplayed_OnclickRecruiterLink" time="3.463"/>
  <testcase classname="tests.ReactSetPreferencesTest" name="TC3_Positive_SP_Verify_SetPreferences_DisplayedThreeFields_InDefault" time="3.063"/>
</testsuite> <!-- LoginTest -->
