<?xml version="1.0" encoding="UTF-8"?>
<!-- Generated by org.testng.reporters.JUnitReportReporter -->
<testsuite hostname="MSalman" name="tests.ReactGigWizardTest" tests="11" failures="0" timestamp="14 Mar 2019 08:59:01 GMT" time="240.018" errors="0">
  <testcase name="TC_Negative_Verify_theError_messageDisplayed_whenGig_Titlefield_IsBlank" time="32.201" classname="tests.ReactGigWizardTest"/>
  <testcase name="TC_Negative_Verify_thatError_message_isDisplayed_whenGigDescription_field_IsEmpty" time="34.883" classname="tests.ReactGigWizardTest"/>
  <testcase name="TC_Negative_Verify_theError_messageDisplayed_whenGig_Locationfield_IsBlank" time="9.493" classname="tests.ReactGigWizardTest"/>
  <testcase name="TC_Negative_Verify_theError_messageDisplayed_whenWork_budgetRange_HoldAlphabeticalValue" time="13.870" classname="tests.ReactGigWizardTest"/>
  <testcase name="TC_Negative_Verify_thatError_message_isDisplayed_whenAll_fields_areEmpty" time="16.313" classname="tests.ReactGigWizardTest"/>
  <testcase name="TC_Negative_Verify_theError_messageDisplayed_whenWork_Authorizationfield_IsBlank" time="11.406" classname="tests.ReactGigWizardTest"/>
  <testcase name="TC_Negative_Verify_thatUser_AbleTocreate_informationform_ofPermanentGig" time="13.968" classname="tests.ReactGigWizardTest"/>
  <testcase name="TC_Negative_Verify_thatError_message_isDisplayed_whenDesiredExperience_field_IsEmpty" time="30.780" classname="tests.ReactGigWizardTest"/>
  <testcase name="TC_Negative_Verify_thaterror_message_isDisplayed_whenAddrequiredSkill_IsEmpty" time="28.143" classname="tests.ReactGigWizardTest"/>
  <testcase name="TC_Negative_Verify_theError_messageDisplayed_whenWork_budgetRange_Isgreaterthan_maxValue" time="14.089" classname="tests.ReactGigWizardTest"/>
  <testcase name="TC_Positive_Verify_that_userAble_toCreate_PermanentGig_Successfully" time="34.872" classname="tests.ReactGigWizardTest"/>
</testsuite> <!-- tests.ReactGigWizardTest -->
